<?xml version="1.0" encoding="UTF-8" ?>
<testsuite tests="6" failures="0" name="Runner.RunTest" time="0.004" errors="0" skipped="0">
  <properties>
[...]
</properties>
  <testcase classname="Scenario: valid_add_to_cart" name="Given I open the browser" time="0.004"/>
  <testcase classname="Scenario: valid_add_to_cart" name="Then I navigate to Product Page" time="0"/>
  <testcase classname="Scenario: valid_add_to_cart" name="Then I click on add to cart and proceeding checkout" time="0"/>
  <testcase classname="Scenario: valid_add_to_cart" name="Then I enter credentials into input fields and loging in" time="0"/>
  <testcase classname="Scenario: valid_add_to_cart" name="Then I navigate forward to confirmation page" time="0"/>
  <testcase classname="Scenario: valid_add_to_cart" name="Scenario: valid_add_to_cart" time="0"/>
</testsuite>